<?xml version="1.0" encoding="UTF-8"?>
<testsuite xmlns:xsi="http://www.w3.org/2001/XMLSchema-instance" xsi:noNamespaceSchemaLocation="https://maven.apache.org/surefire/maven-failsafe-plugin/xsd/failsafe-test-report-3.0.xsd" version="3.0" name="com.curso.vending.VendingMachineIT" time="0.129" tests="1" errors="0" skipped="0" failures="0">
  <properties>
[...]
</properties>
  <testcase name="testGenerateProducts" classname="com.curso.vending.VendingMachineIT" time="0.065">
    <system-out><![CDATA[generateProducts
]]></system-out>
  </testcase>
</testsuite>